\BOOKMARK [1][-]{figure.caption.1}{\376\377\144\130\211\201}{}% 1
\BOOKMARK [1][-]{figure.caption.1}{\376\377\000A\000B\000S\000T\000R\000A\000C\000T}{}% 2
\BOOKMARK [1][-]{section.1}{\376\377\176\352\213\272}{}% 3
\BOOKMARK [2][-]{subsection.1.1}{\376\377\137\025\212\000}{section.1}% 4
\BOOKMARK [2][-]{subsection.1.2}{\376\377\147\054\145\207\116\073\211\201\170\024\172\166\121\205\133\271}{section.1}% 5
\BOOKMARK [2][-]{subsection.1.3}{\376\377\147\054\145\207\170\024\172\166\141\017\116\111}{section.1}% 6
\BOOKMARK [2][-]{subsection.1.4}{\376\377\147\054\172\340\134\017\176\323}{section.1}% 7
\BOOKMARK [1][-]{section.2}{\376\377\145\160\143\156\226\306}{}% 8
\BOOKMARK [2][-]{subsection.2.1}{\376\377\166\370\147\072\226\367\217\276\200\124\124\010\150\007\133\232}{section.2}% 9
\BOOKMARK [2][-]{subsection.2.2}{\376\377\147\054\172\340\134\017\176\323}{section.2}% 10
\BOOKMARK [1][-]{section.3}{\376\377\145\160\143\156\226\306}{}% 11
\BOOKMARK [2][-]{subsection.3.1}{\376\377\166\370\147\072\226\367\217\276\200\124\124\010\150\007\133\232}{section.3}% 12
\BOOKMARK [1][-]{section.4}{\376\377\145\160\143\156\226\306}{}% 13
\BOOKMARK [1][-]{section.5}{\376\377\127\372\116\216\117\030\123\026\166\204\215\357\117\247\130\236\137\072\123\237\164\006}{}% 14
\BOOKMARK [2][-]{subsection.5.1}{\376\377\126\340\133\120\126\376\123\312\121\166\130\236\221\317\227\136\176\277\140\047\147\000\117\030\123\026\145\271\154\325}{section.5}% 15
\BOOKMARK [2][-]{subsection.5.2}{\376\377\127\372\116\216\215\357\117\247\130\236\137\072\166\204\217\146\217\206\123\357\227\140\117\115\177\156\143\250\164\006}{section.5}% 16
\BOOKMARK [2][-]{subsection.5.3}{\376\377\147\054\172\340\134\017\176\323}{section.5}% 17
\BOOKMARK [2][-]{subsection.5.4}{\376\377\147\054\172\340\134\017\176\323}{section.5}% 18
\BOOKMARK [2][-]{subsection.5.5}{\376\377\147\054\172\340\134\017\176\323}{section.5}% 19
\BOOKMARK [1][-]{subsection.5.5}{\376\377\123\302\200\003\145\207\163\056}{}% 20
\BOOKMARK [1][-]{subsection.5.5}{\376\377\226\104\137\125}{}% 21
\BOOKMARK [1][-]{subsection.5.5}{\376\377\145\073\213\373\133\146\117\115\147\037\225\364\133\146\147\057\213\272\145\207\124\214\171\321\170\024\142\020\147\234\166\356\137\125}{}% 22
\BOOKMARK [1][-]{subsection.5.5}{\376\377\201\364\214\042}{}% 23
